<?xml version="1.0" encoding="UTF-8"?>
<testng-results ignored="0" total="1" passed="1" failed="0" skipped="0">
  <reporter-output>
  </reporter-output>
  <suite started-at="2021-08-10T15:48:28 IST" name="Default suite" finished-at="2021-08-10T15:48:37 IST" duration-ms="9450">
    <groups>
    </groups>
    <test started-at="2021-08-10T15:48:28 IST" name="Default test" finished-at="2021-08-10T15:48:37 IST" duration-ms="9450">
      <class name="mavenselenium.ExtendR.TestMet">
        <test-method signature="testing()[pri:0, instance:mavenselenium.ExtendR.TestMet@747edf66]" started-at="2021-08-10T15:48:28 IST" name="testing" finished-at="2021-08-10T15:48:37 IST" duration-ms="9374" status="PASS">
          <reporter-output>
          </reporter-output>
        </test-method> <!-- testing -->
      </class> <!-- mavenselenium.ExtendR.TestMet -->
    </test> <!-- Default test -->
  </suite> <!-- Default suite -->
</testng-results>
